2008-12-27 20:41:48 Notice: Notice (1024): Please change the value of 'Security.salt' in app/config/core.php to a salt value specific to your application in [CORE/cake/libs/debugger.php, line 556]
2009-03-08 20:02:32 Notice: Notice (8): Undefined variable: javascript in [APP/views/layouts/default.ctp, line 4]
2009-03-08 20:03:36 Notice: Notice (8): Undefined variable: javascript in [APP/views/layouts/default.ctp, line 4]
2009-03-08 20:04:00 Notice: Notice (8): Undefined variable: javascript in [APP/views/layouts/default.ctp, line 4]
2009-03-08 22:44:08 Notice: Notice (8): Undefined variable: javascript in [APP/views/layouts/default.ctp, line 4]
2009-03-08 22:44:47 Notice: Notice (8): Undefined variable: javascript in [APP/views/layouts/default.ctp, line 4]
2009-03-08 22:48:23 Notice: Notice (8): Undefined variable: javascript in [APP/views/layouts/default.ctp, line 4]
2009-03-08 22:48:33 Notice: Notice (8): Undefined variable: tree_data in [APP/views/main_tree/tree_view.ctp, line 1]
2009-03-08 22:49:37 Notice: Notice (8): Undefined variable: javascript in [APP/views/layouts/default.ctp, line 4]
2009-03-08 22:51:11 Notice: Notice (8): Undefined variable: javascript in [APP/views/layouts/default.ctp, line 4]
2009-03-08 22:54:56 Notice: Notice (8): Undefined variable: javascript in [APP/views/layouts/default.ctp, line 4]
2009-03-08 22:56:05 Notice: Notice (8): Undefined variable: javascript in [APP/views/layouts/default.ctp, line 4]
2009-03-08 22:56:27 Notice: Notice (8): Undefined variable: javascript in [APP/views/layouts/default.ctp, line 4]
2009-04-14 08:06:50 Notice: Notice (8): Undefined variable: javascript in [APP/views/layouts/default.ctp, line 4]
2009-04-14 10:20:05 Notice: Notice (8): Undefined variable: javascript in [APP/views/layouts/default.ctp, line 4]
2009-06-06 09:21:29 Notice: Notice (8): Undefined variable: javascript in [APP/views/layouts/default.ctp, line 4]
2009-06-06 09:33:03 Notice: Notice (8): Undefined variable: javascript in [APP/views/layouts/default.ctp, line 4]
2009-06-06 09:33:15 Notice: Notice (8): Undefined variable: javascript in [APP/views/layouts/default.ctp, line 4]
2009-06-06 09:33:17 Notice: Notice (8): Undefined variable: javascript in [APP/views/layouts/default.ctp, line 4]
2009-06-06 09:33:27 Notice: Notice (8): Undefined variable: javascript in [APP/views/layouts/default.ctp, line 4]
2009-06-06 10:29:43 Notice: Notice (8): Undefined variable: javascript in [APP/views/layouts/default.ctp, line 4]
2009-06-06 10:29:44 Notice: Notice (8): Undefined variable: javascript in [APP/views/layouts/default.ctp, line 4]
2009-06-06 10:31:27 Notice: Notice (8): Undefined variable: javascript in [APP/views/layouts/default.ctp, line 4]
2009-06-14 21:04:55 Notice: Notice (8): Undefined variable: javascript in [APP/views/layouts/default.ctp, line 4]
2009-06-15 21:09:46 Notice: Notice (8): Undefined variable: javascript in [APP/views/layouts/default.ctp, line 4]
2009-06-17 16:51:36 Notice: Notice (8): Undefined property: View::$Controller in [APP/views/users/login.ctp, line 57]
2009-06-17 16:51:48 Notice: Notice (8): Undefined property: View::$controller in [APP/views/users/login.ctp, line 57]
2009-06-17 16:56:10 Notice: Notice (8): Undefined variable: javascript in [APP/views/layouts/default.ctp, line 4]
2009-06-17 16:56:40 Notice: Notice (8): Undefined variable: javascript in [APP/views/layouts/default.ctp, line 4]
2009-06-17 16:57:05 Notice: Notice (8): Undefined variable: javascript in [APP/views/layouts/default.ctp, line 4]
2009-06-17 16:57:09 Notice: Notice (8): Undefined variable: javascript in [APP/views/layouts/default.ctp, line 4]
2009-06-17 17:12:10 Notice: Notice (8): Undefined property: SessionHelper::$flash in [APP/views/users/login.ctp, line 56]
2009-06-17 17:12:11 Notice: Notice (8): Undefined property: SessionHelper::$flash in [APP/views/users/login.ctp, line 56]
2009-06-17 17:12:38 Notice: Notice (8): Undefined property: SessionHelper::$flash in [APP/views/users/login.ctp, line 56]
2009-06-17 17:12:44 Notice: Notice (8): Undefined property: SessionHelper::$flash in [APP/views/users/login.ctp, line 56]
2009-06-17 17:12:50 Notice: Notice (8): Undefined property: SessionHelper::$flash in [APP/views/users/login.ctp, line 56]
2009-06-17 17:13:21 Notice: Notice (8): Undefined property: SessionHelper::$flash in [APP/views/users/login.ctp, line 58]
2009-06-17 19:47:02 Notice: Notice (8): Undefined variable: javascript in [APP/views/layouts/default.ctp, line 4]
2009-06-17 19:50:11 Notice: Notice (8): Undefined variable: javascript in [APP/views/layouts/default.ctp, line 4]
2009-06-17 19:51:53 Notice: Notice (8): Undefined variable: javascript in [APP/views/layouts/default.ctp, line 4]
2009-06-17 19:51:55 Notice: Notice (8): Undefined variable: javascript in [APP/views/layouts/default.ctp, line 4]
2009-06-17 19:52:41 Notice: Notice (8): Undefined variable: javascript in [APP/views/layouts/default.ctp, line 4]
2009-06-17 19:53:09 Notice: Notice (8): Undefined variable: javascript in [APP/views/layouts/default.ctp, line 4]
2009-06-17 19:55:21 Notice: Notice (8): Undefined variable: javascript in [APP/views/layouts/default.ctp, line 4]
2009-06-17 19:56:30 Notice: Notice (8): Undefined variable: javascript in [APP/views/layouts/default.ctp, line 4]
2009-06-17 19:56:58 Notice: Notice (8): Undefined variable: javascript in [APP/views/layouts/default.ctp, line 4]
2009-06-17 19:57:31 Notice: Notice (8): Undefined variable: javascript in [APP/views/layouts/default.ctp, line 4]
2009-06-17 19:57:48 Notice: Notice (8): Undefined variable: javascript in [APP/views/layouts/default.ctp, line 4]
2009-06-17 19:57:49 Notice: Notice (8): Undefined variable: javascript in [APP/views/layouts/default.ctp, line 4]
2009-06-17 19:58:35 Notice: Notice (8): Undefined variable: javascript in [APP/views/layouts/default.ctp, line 4]
2009-06-17 19:58:52 Notice: Notice (8): Undefined variable: javascript in [APP/views/layouts/default.ctp, line 4]
2009-06-17 19:59:33 Notice: Notice (8): Undefined variable: javascript in [APP/views/layouts/default.ctp, line 4]
2009-06-17 19:59:40 Notice: Notice (8): Undefined variable: javascript in [APP/views/layouts/default.ctp, line 4]
2009-06-17 20:00:11 Notice: Notice (8): Undefined variable: javascript in [APP/views/layouts/default.ctp, line 4]
2009-06-17 20:02:28 Notice: Notice (8): Undefined variable: javascript in [APP/views/layouts/default.ctp, line 4]
2009-06-17 20:02:29 Notice: Notice (8): Undefined variable: javascript in [APP/views/layouts/default.ctp, line 4]
2009-06-17 20:02:30 Notice: Notice (8): Undefined variable: javascript in [APP/views/layouts/default.ctp, line 4]
2009-06-17 20:04:09 Notice: Notice (8): Undefined variable: javascript in [APP/views/layouts/default.ctp, line 4]
2009-06-17 20:04:10 Notice: Notice (8): Undefined variable: javascript in [APP/views/layouts/default.ctp, line 4]
2009-06-17 20:04:20 Notice: Notice (8): Undefined variable: javascript in [APP/views/layouts/default.ctp, line 4]
2009-06-17 20:04:54 Notice: Notice (8): Undefined variable: javascript in [APP/views/layouts/default.ctp, line 4]
2009-06-17 20:05:09 Notice: Notice (8): Undefined variable: javascript in [APP/views/layouts/default.ctp, line 4]
2009-06-17 20:05:11 Notice: Notice (8): Undefined variable: javascript in [APP/views/layouts/default.ctp, line 4]
2009-06-17 20:05:56 Notice: Notice (8): Undefined variable: javascript in [APP/views/layouts/default.ctp, line 4]
2009-06-17 20:08:29 Notice: Notice (8): Undefined variable: javascript in [APP/views/layouts/default.ctp, line 4]
2009-06-17 20:08:32 Notice: Notice (8): Undefined variable: javascript in [APP/views/layouts/default.ctp, line 4]
2009-06-17 20:33:24 Notice: Notice (8): Undefined variable: javascript in [APP/views/layouts/default.ctp, line 4]
2009-06-17 20:34:04 Notice: Notice (8): Undefined variable: javascript in [APP/views/layouts/default.ctp, line 4]
2009-06-17 20:34:08 Notice: Notice (8): Undefined variable: javascript in [APP/views/layouts/default.ctp, line 4]
2009-06-17 20:34:12 Notice: Notice (8): Undefined variable: javascript in [APP/views/layouts/default.ctp, line 4]
2009-06-17 20:34:17 Notice: Notice (8): Undefined variable: javascript in [APP/views/layouts/default.ctp, line 4]
2009-06-17 20:34:18 Notice: Notice (8): Undefined variable: javascript in [APP/views/layouts/default.ctp, line 4]
2009-06-17 20:34:56 Notice: Notice (8): Undefined variable: javascript in [APP/views/layouts/default.ctp, line 4]
2009-06-17 20:40:04 Notice: Notice (8): Undefined variable: javascript in [APP/views/layouts/default.ctp, line 4]
2009-06-17 20:40:05 Notice: Notice (8): Undefined variable: javascript in [APP/views/layouts/default.ctp, line 4]
2009-06-17 20:40:40 Notice: Notice (8): Undefined variable: javascript in [APP/views/layouts/default.ctp, line 4]
2009-06-17 20:40:42 Notice: Notice (8): Undefined variable: javascript in [APP/views/layouts/default.ctp, line 4]
2009-06-17 20:41:23 Notice: Notice (8): Undefined variable: javascript in [APP/views/layouts/default.ctp, line 4]
2009-06-17 20:41:36 Notice: Notice (8): Undefined variable: javascript in [APP/views/layouts/default.ctp, line 4]
2009-06-17 20:43:25 Notice: Notice (8): Undefined variable: javascript in [APP/views/layouts/default.ctp, line 4]
2009-06-17 20:43:27 Notice: Notice (8): Undefined variable: javascript in [APP/views/layouts/default.ctp, line 4]
2009-06-17 20:44:48 Notice: Notice (8): Undefined variable: javascript in [APP/views/layouts/default.ctp, line 4]
2009-06-17 20:46:20 Notice: Notice (8): Undefined variable: javascript in [APP/views/layouts/default.ctp, line 4]
2009-06-17 20:51:53 Notice: Notice (8): Undefined variable: javascript in [APP/views/layouts/default.ctp, line 4]
2009-06-17 20:51:54 Notice: Notice (8): Undefined variable: javascript in [APP/views/layouts/default.ctp, line 4]
2009-06-17 20:56:21 Notice: Notice (8): Undefined variable: javascript in [APP/views/layouts/default.ctp, line 4]
